2014/08/22 13:05:04 [error] [exception.CHttpException.404] exception 'CHttpException' with message 'Unable to resolve the request "favicon.ico".' in E:\WorkSpace\webdir\www\game-pt\protected\vendor\yii-1.1.15\web\CWebApplication.php:286
Stack trace:
#0 E:\WorkSpace\webdir\www\game-pt\protected\vendor\yii-1.1.15\web\CWebApplication.php(141): CWebApplication->runController('favicon.ico')
#1 E:\WorkSpace\webdir\www\game-pt\protected\vendor\yii-1.1.15\base\CApplication.php(180): CWebApplication->processRequest()
#2 E:\WorkSpace\webdir\www\game-pt\index.php(15): CApplication->run()
#3 {main}
REQUEST_URI=/favicon.ico
---
2014/08/22 13:05:11 [error] [exception.CHttpException.404] exception 'CHttpException' with message 'Unable to resolve the request "favicon.ico".' in E:\WorkSpace\webdir\www\game-pt\protected\vendor\yii-1.1.15\web\CWebApplication.php:286
Stack trace:
#0 E:\WorkSpace\webdir\www\game-pt\protected\vendor\yii-1.1.15\web\CWebApplication.php(141): CWebApplication->runController('favicon.ico')
#1 E:\WorkSpace\webdir\www\game-pt\protected\vendor\yii-1.1.15\base\CApplication.php(180): CWebApplication->processRequest()
#2 E:\WorkSpace\webdir\www\game-pt\index.php(15): CApplication->run()
#3 {main}
REQUEST_URI=/favicon.ico
---
2014/08/24 07:20:13 [error] [exception.CHttpException.404] exception 'CHttpException' with message 'Unable to resolve the request "favicon.ico".' in E:\WorkSpace\webdir\www\game-pt\protected\vendor\yii-1.1.15\web\CWebApplication.php:286
Stack trace:
#0 E:\WorkSpace\webdir\www\game-pt\protected\vendor\yii-1.1.15\web\CWebApplication.php(141): CWebApplication->runController('favicon.ico')
#1 E:\WorkSpace\webdir\www\game-pt\protected\vendor\yii-1.1.15\base\CApplication.php(180): CWebApplication->processRequest()
#2 E:\WorkSpace\webdir\www\game-pt\index.php(15): CApplication->run()
#3 {main}
REQUEST_URI=/favicon.ico
---
2014/08/24 07:21:47 [error] [exception.CHttpException.404] exception 'CHttpException' with message 'Unable to resolve the request "favicon.ico".' in E:\WorkSpace\webdir\www\game-pt\protected\vendor\yii-1.1.15\web\CWebApplication.php:286
Stack trace:
#0 E:\WorkSpace\webdir\www\game-pt\protected\vendor\yii-1.1.15\web\CWebApplication.php(141): CWebApplication->runController('favicon.ico')
#1 E:\WorkSpace\webdir\www\game-pt\protected\vendor\yii-1.1.15\base\CApplication.php(180): CWebApplication->processRequest()
#2 E:\WorkSpace\webdir\www\game-pt\index.php(16): CApplication->run()
#3 {main}
REQUEST_URI=/favicon.ico
---
2014/08/24 07:23:24 [error] [exception.CHttpException.404] exception 'CHttpException' with message 'Unable to resolve the request "favicon.ico".' in E:\WorkSpace\webdir\www\game-pt\protected\vendor\yii-1.1.15\web\CWebApplication.php:286
Stack trace:
#0 E:\WorkSpace\webdir\www\game-pt\protected\vendor\yii-1.1.15\web\CWebApplication.php(141): CWebApplication->runController('favicon.ico')
#1 E:\WorkSpace\webdir\www\game-pt\protected\vendor\yii-1.1.15\base\CApplication.php(180): CWebApplication->processRequest()
#2 E:\WorkSpace\webdir\www\game-pt\index.php(16): CApplication->run()
#3 {main}
REQUEST_URI=/favicon.ico
---
2014/08/24 07:47:12 [error] [exception.CHttpException.404] exception 'CHttpException' with message 'Unable to resolve the request "min/b=static/css&f=base.css,public.css,index.css".' in E:\WorkSpace\webdir\www\game-pt\protected\vendor\yii-1.1.15\web\CWebApplication.php:286
Stack trace:
#0 E:\WorkSpace\webdir\www\game-pt\protected\vendor\yii-1.1.15\web\CWebApplication.php(141): CWebApplication->runController('min/b=static/cs...')
#1 E:\WorkSpace\webdir\www\game-pt\protected\vendor\yii-1.1.15\base\CApplication.php(180): CWebApplication->processRequest()
#2 E:\WorkSpace\webdir\www\game-pt\index.php(16): CApplication->run()
#3 {main}
REQUEST_URI=/min/b=static/css&f=base.css,public.css,index.css?v=10000
HTTP_REFERER=http://game-pt.com/
---
2014/08/24 07:47:12 [error] [exception.CHttpException.404] exception 'CHttpException' with message 'Unable to resolve the request "min/b=static/js&f=jquery-1.7.2.min.js,tr.base.min.js,tr.jqplugin.tab.min.js,tr.jqplugin.twostateli.min.js,tr.wallpaper.min.js,res.common.min.js,res.index.min.js,res.searchbox.js".' in E:\WorkSpace\webdir\www\game-pt\protected\vendor\yii-1.1.15\web\CWebApplication.php:286
Stack trace:
#0 E:\WorkSpace\webdir\www\game-pt\protected\vendor\yii-1.1.15\web\CWebApplication.php(141): CWebApplication->runController('min/b=static/js...')
#1 E:\WorkSpace\webdir\www\game-pt\protected\vendor\yii-1.1.15\base\CApplication.php(180): CWebApplication->processRequest()
#2 E:\WorkSpace\webdir\www\game-pt\index.php(16): CApplication->run()
#3 {main}
REQUEST_URI=/min/b=static/js&f=jquery-1.7.2.min.js,tr.base.min.js,tr.jqplugin.tab.min.js,tr.jqplugin.twostateli.min.js,tr.wallpaper.min.js,res.common.min.js,res.index.min.js,res.searchbox.js?v=10002
HTTP_REFERER=http://game-pt.com/
---
2014/08/24 07:47:12 [error] [exception.CHttpException.404] exception 'CHttpException' with message 'Unable to resolve the request "static/images/logo.jpg".' in E:\WorkSpace\webdir\www\game-pt\protected\vendor\yii-1.1.15\web\CWebApplication.php:286
Stack trace:
#0 E:\WorkSpace\webdir\www\game-pt\protected\vendor\yii-1.1.15\web\CWebApplication.php(141): CWebApplication->runController('static/images/l...')
#1 E:\WorkSpace\webdir\www\game-pt\protected\vendor\yii-1.1.15\base\CApplication.php(180): CWebApplication->processRequest()
#2 E:\WorkSpace\webdir\www\game-pt\index.php(16): CApplication->run()
#3 {main}
REQUEST_URI=/static/images/logo.jpg
HTTP_REFERER=http://game-pt.com/
---
2014/08/24 07:48:56 [error] [exception.CHttpException.404] exception 'CHttpException' with message 'Unable to resolve the request "favicon.ico".' in E:\WorkSpace\webdir\www\game-pt\protected\vendor\yii-1.1.15\web\CWebApplication.php:286
Stack trace:
#0 E:\WorkSpace\webdir\www\game-pt\protected\vendor\yii-1.1.15\web\CWebApplication.php(141): CWebApplication->runController('favicon.ico')
#1 E:\WorkSpace\webdir\www\game-pt\protected\vendor\yii-1.1.15\base\CApplication.php(180): CWebApplication->processRequest()
#2 E:\WorkSpace\webdir\www\game-pt\index.php(16): CApplication->run()
#3 {main}
REQUEST_URI=/favicon.ico
---
2014/08/27 13:27:14 [error] [exception.CHttpException.404] exception 'CHttpException' with message 'Unable to resolve the request "min/b=static/js&f=jquery-1.7.2.min.js,tr.base.min.js,tr.jqplugin.tab.min.js,tr.jqplugin.twostateli.min.js,tr.wallpaper.min.js,res.common.min.js,res.index.min.js,res.searchbox.js".' in E:\WorkSpace\webdir\www\game-pt\protected\vendor\yii-1.1.15\web\CWebApplication.php:286
Stack trace:
#0 E:\WorkSpace\webdir\www\game-pt\protected\vendor\yii-1.1.15\web\CWebApplication.php(141): CWebApplication->runController('min/b=static/js...')
#1 E:\WorkSpace\webdir\www\game-pt\protected\vendor\yii-1.1.15\base\CApplication.php(180): CWebApplication->processRequest()
#2 E:\WorkSpace\webdir\www\game-pt\index.php(16): CApplication->run()
#3 {main}
REQUEST_URI=/min/b=static/js&f=jquery-1.7.2.min.js,tr.base.min.js,tr.jqplugin.tab.min.js,tr.jqplugin.twostateli.min.js,tr.wallpaper.min.js,res.common.min.js,res.index.min.js,res.searchbox.js?v=10002
HTTP_REFERER=http://game-pt.com/
---
2014/08/27 13:27:15 [error] [exception.CHttpException.404] exception 'CHttpException' with message 'Unable to resolve the request "static/images/logo.jpg".' in E:\WorkSpace\webdir\www\game-pt\protected\vendor\yii-1.1.15\web\CWebApplication.php:286
Stack trace:
#0 E:\WorkSpace\webdir\www\game-pt\protected\vendor\yii-1.1.15\web\CWebApplication.php(141): CWebApplication->runController('static/images/l...')
#1 E:\WorkSpace\webdir\www\game-pt\protected\vendor\yii-1.1.15\base\CApplication.php(180): CWebApplication->processRequest()
#2 E:\WorkSpace\webdir\www\game-pt\index.php(16): CApplication->run()
#3 {main}
REQUEST_URI=/static/images/logo.jpg
HTTP_REFERER=http://game-pt.com/
---
2014/08/27 13:27:15 [error] [exception.CHttpException.404] exception 'CHttpException' with message 'Unable to resolve the request "static/images/ico_jt1.jpg".' in E:\WorkSpace\webdir\www\game-pt\protected\vendor\yii-1.1.15\web\CWebApplication.php:286
Stack trace:
#0 E:\WorkSpace\webdir\www\game-pt\protected\vendor\yii-1.1.15\web\CWebApplication.php(141): CWebApplication->runController('static/images/i...')
#1 E:\WorkSpace\webdir\www\game-pt\protected\vendor\yii-1.1.15\base\CApplication.php(180): CWebApplication->processRequest()
#2 E:\WorkSpace\webdir\www\game-pt\index.php(16): CApplication->run()
#3 {main}
REQUEST_URI=/static/images/ico_jt1.jpg
HTTP_REFERER=http://game-pt.com/
---
2014/08/27 13:27:15 [error] [exception.CHttpException.404] exception 'CHttpException' with message 'Unable to resolve the request "static/images/nav-bg.jpg".' in E:\WorkSpace\webdir\www\game-pt\protected\vendor\yii-1.1.15\web\CWebApplication.php:286
Stack trace:
#0 E:\WorkSpace\webdir\www\game-pt\protected\vendor\yii-1.1.15\web\CWebApplication.php(141): CWebApplication->runController('static/images/n...')
#1 E:\WorkSpace\webdir\www\game-pt\protected\vendor\yii-1.1.15\base\CApplication.php(180): CWebApplication->processRequest()
#2 E:\WorkSpace\webdir\www\game-pt\index.php(16): CApplication->run()
#3 {main}
REQUEST_URI=/static/images/nav-bg.jpg
HTTP_REFERER=http://game-pt.com/
---
2014/08/27 13:27:15 [error] [exception.CHttpException.404] exception 'CHttpException' with message 'Unable to resolve the request "static/images/public-ico.png".' in E:\WorkSpace\webdir\www\game-pt\protected\vendor\yii-1.1.15\web\CWebApplication.php:286
Stack trace:
#0 E:\WorkSpace\webdir\www\game-pt\protected\vendor\yii-1.1.15\web\CWebApplication.php(141): CWebApplication->runController('static/images/p...')
#1 E:\WorkSpace\webdir\www\game-pt\protected\vendor\yii-1.1.15\base\CApplication.php(180): CWebApplication->processRequest()
#2 E:\WorkSpace\webdir\www\game-pt\index.php(16): CApplication->run()
#3 {main}
REQUEST_URI=/static/images/public-ico.png
HTTP_REFERER=http://game-pt.com/
---
2014/08/27 13:27:15 [error] [exception.CHttpException.404] exception 'CHttpException' with message 'Unable to resolve the request "static/images/cover-bg.png".' in E:\WorkSpace\webdir\www\game-pt\protected\vendor\yii-1.1.15\web\CWebApplication.php:286
Stack trace:
#0 E:\WorkSpace\webdir\www\game-pt\protected\vendor\yii-1.1.15\web\CWebApplication.php(141): CWebApplication->runController('static/images/c...')
#1 E:\WorkSpace\webdir\www\game-pt\protected\vendor\yii-1.1.15\base\CApplication.php(180): CWebApplication->processRequest()
#2 E:\WorkSpace\webdir\www\game-pt\index.php(16): CApplication->run()
#3 {main}
REQUEST_URI=/static/images/cover-bg.png
HTTP_REFERER=http://game-pt.com/
---
2014/08/27 13:27:15 [error] [exception.CHttpException.404] exception 'CHttpException' with message 'Unable to resolve the request "static/images/star1.png".' in E:\WorkSpace\webdir\www\game-pt\protected\vendor\yii-1.1.15\web\CWebApplication.php:286
Stack trace:
#0 E:\WorkSpace\webdir\www\game-pt\protected\vendor\yii-1.1.15\web\CWebApplication.php(141): CWebApplication->runController('static/images/s...')
#1 E:\WorkSpace\webdir\www\game-pt\protected\vendor\yii-1.1.15\base\CApplication.php(180): CWebApplication->processRequest()
#2 E:\WorkSpace\webdir\www\game-pt\index.php(16): CApplication->run()
#3 {main}
REQUEST_URI=/static/images/star1.png
HTTP_REFERER=http://game-pt.com/
---
2014/08/27 13:28:05 [error] [exception.CHttpException.404] exception 'CHttpException' with message 'Unable to resolve the request "favicon.ico".' in E:\WorkSpace\webdir\www\game-pt\protected\vendor\yii-1.1.15\web\CWebApplication.php:286
Stack trace:
#0 E:\WorkSpace\webdir\www\game-pt\protected\vendor\yii-1.1.15\web\CWebApplication.php(141): CWebApplication->runController('favicon.ico')
#1 E:\WorkSpace\webdir\www\game-pt\protected\vendor\yii-1.1.15\base\CApplication.php(180): CWebApplication->processRequest()
#2 E:\WorkSpace\webdir\www\game-pt\index.php(16): CApplication->run()
#3 {main}
REQUEST_URI=/favicon.ico
---
2014/08/27 13:28:06 [error] [exception.CHttpException.404] exception 'CHttpException' with message 'Unable to resolve the request "min/b=static/js&f=jquery-1.7.2.min.js,tr.base.min.js,tr.jqplugin.tab.min.js,tr.jqplugin.twostateli.min.js,tr.wallpaper.min.js,res.common.min.js,res.index.min.js,res.searchbox.js".' in E:\WorkSpace\webdir\www\game-pt\protected\vendor\yii-1.1.15\web\CWebApplication.php:286
Stack trace:
#0 E:\WorkSpace\webdir\www\game-pt\protected\vendor\yii-1.1.15\web\CWebApplication.php(141): CWebApplication->runController('min/b=static/js...')
#1 E:\WorkSpace\webdir\www\game-pt\protected\vendor\yii-1.1.15\base\CApplication.php(180): CWebApplication->processRequest()
#2 E:\WorkSpace\webdir\www\game-pt\index.php(16): CApplication->run()
#3 {main}
REQUEST_URI=/min/b=static/js&f=jquery-1.7.2.min.js,tr.base.min.js,tr.jqplugin.tab.min.js,tr.jqplugin.twostateli.min.js,tr.wallpaper.min.js,res.common.min.js,res.index.min.js,res.searchbox.js?v=10002
HTTP_REFERER=http://game-pt.com/
---
2014/08/27 13:28:06 [error] [exception.CHttpException.404] exception 'CHttpException' with message 'Unable to resolve the request "static/images/logo.jpg".' in E:\WorkSpace\webdir\www\game-pt\protected\vendor\yii-1.1.15\web\CWebApplication.php:286
Stack trace:
#0 E:\WorkSpace\webdir\www\game-pt\protected\vendor\yii-1.1.15\web\CWebApplication.php(141): CWebApplication->runController('static/images/l...')
#1 E:\WorkSpace\webdir\www\game-pt\protected\vendor\yii-1.1.15\base\CApplication.php(180): CWebApplication->processRequest()
#2 E:\WorkSpace\webdir\www\game-pt\index.php(16): CApplication->run()
#3 {main}
REQUEST_URI=/static/images/logo.jpg
HTTP_REFERER=http://game-pt.com/
---
2014/08/27 13:28:06 [error] [exception.CHttpException.404] exception 'CHttpException' with message 'Unable to resolve the request "static/images/ico_jt1.jpg".' in E:\WorkSpace\webdir\www\game-pt\protected\vendor\yii-1.1.15\web\CWebApplication.php:286
Stack trace:
#0 E:\WorkSpace\webdir\www\game-pt\protected\vendor\yii-1.1.15\web\CWebApplication.php(141): CWebApplication->runController('static/images/i...')
#1 E:\WorkSpace\webdir\www\game-pt\protected\vendor\yii-1.1.15\base\CApplication.php(180): CWebApplication->processRequest()
#2 E:\WorkSpace\webdir\www\game-pt\index.php(16): CApplication->run()
#3 {main}
REQUEST_URI=/static/images/ico_jt1.jpg
HTTP_REFERER=http://game-pt.com/
---
2014/08/27 13:28:06 [error] [exception.CHttpException.404] exception 'CHttpException' with message 'Unable to resolve the request "static/images/nav-bg.jpg".' in E:\WorkSpace\webdir\www\game-pt\protected\vendor\yii-1.1.15\web\CWebApplication.php:286
Stack trace:
#0 E:\WorkSpace\webdir\www\game-pt\protected\vendor\yii-1.1.15\web\CWebApplication.php(141): CWebApplication->runController('static/images/n...')
#1 E:\WorkSpace\webdir\www\game-pt\protected\vendor\yii-1.1.15\base\CApplication.php(180): CWebApplication->processRequest()
#2 E:\WorkSpace\webdir\www\game-pt\index.php(16): CApplication->run()
#3 {main}
REQUEST_URI=/static/images/nav-bg.jpg
HTTP_REFERER=http://game-pt.com/
---
2014/08/27 13:28:06 [error] [exception.CHttpException.404] exception 'CHttpException' with message 'Unable to resolve the request "static/images/public-ico.png".' in E:\WorkSpace\webdir\www\game-pt\protected\vendor\yii-1.1.15\web\CWebApplication.php:286
Stack trace:
#0 E:\WorkSpace\webdir\www\game-pt\protected\vendor\yii-1.1.15\web\CWebApplication.php(141): CWebApplication->runController('static/images/p...')
#1 E:\WorkSpace\webdir\www\game-pt\protected\vendor\yii-1.1.15\base\CApplication.php(180): CWebApplication->processRequest()
#2 E:\WorkSpace\webdir\www\game-pt\index.php(16): CApplication->run()
#3 {main}
REQUEST_URI=/static/images/public-ico.png
HTTP_REFERER=http://game-pt.com/
---
2014/08/27 13:28:06 [error] [exception.CHttpException.404] exception 'CHttpException' with message 'Unable to resolve the request "static/images/cover-bg.png".' in E:\WorkSpace\webdir\www\game-pt\protected\vendor\yii-1.1.15\web\CWebApplication.php:286
Stack trace:
#0 E:\WorkSpace\webdir\www\game-pt\protected\vendor\yii-1.1.15\web\CWebApplication.php(141): CWebApplication->runController('static/images/c...')
#1 E:\WorkSpace\webdir\www\game-pt\protected\vendor\yii-1.1.15\base\CApplication.php(180): CWebApplication->processRequest()
#2 E:\WorkSpace\webdir\www\game-pt\index.php(16): CApplication->run()
#3 {main}
REQUEST_URI=/static/images/cover-bg.png
HTTP_REFERER=http://game-pt.com/
---
2014/08/27 13:28:06 [error] [exception.CHttpException.404] exception 'CHttpException' with message 'Unable to resolve the request "static/images/star1.png".' in E:\WorkSpace\webdir\www\game-pt\protected\vendor\yii-1.1.15\web\CWebApplication.php:286
Stack trace:
#0 E:\WorkSpace\webdir\www\game-pt\protected\vendor\yii-1.1.15\web\CWebApplication.php(141): CWebApplication->runController('static/images/s...')
#1 E:\WorkSpace\webdir\www\game-pt\protected\vendor\yii-1.1.15\base\CApplication.php(180): CWebApplication->processRequest()
#2 E:\WorkSpace\webdir\www\game-pt\index.php(16): CApplication->run()
#3 {main}
REQUEST_URI=/static/images/star1.png
HTTP_REFERER=http://game-pt.com/
---
2014/08/27 13:28:11 [error] [exception.CHttpException.404] exception 'CHttpException' with message 'Unable to resolve the request "favicon.ico".' in E:\WorkSpace\webdir\www\game-pt\protected\vendor\yii-1.1.15\web\CWebApplication.php:286
Stack trace:
#0 E:\WorkSpace\webdir\www\game-pt\protected\vendor\yii-1.1.15\web\CWebApplication.php(141): CWebApplication->runController('favicon.ico')
#1 E:\WorkSpace\webdir\www\game-pt\protected\vendor\yii-1.1.15\base\CApplication.php(180): CWebApplication->processRequest()
#2 E:\WorkSpace\webdir\www\game-pt\index.php(16): CApplication->run()
#3 {main}
REQUEST_URI=/favicon.ico
---
2014/08/27 16:02:00 [error] [exception.CHttpException.404] exception 'CHttpException' with message 'Unable to resolve the request "static/images/logo.jpg".' in E:\WorkSpace\webdir\www\game-pt\protected\vendor\yii-1.1.15\web\CWebApplication.php:286
Stack trace:
#0 E:\WorkSpace\webdir\www\game-pt\protected\vendor\yii-1.1.15\web\CWebApplication.php(141): CWebApplication->runController('static/images/l...')
#1 E:\WorkSpace\webdir\www\game-pt\protected\vendor\yii-1.1.15\base\CApplication.php(180): CWebApplication->processRequest()
#2 E:\WorkSpace\webdir\www\game-pt\index.php(16): CApplication->run()
#3 {main}
REQUEST_URI=/static/images/logo.jpg
HTTP_REFERER=http://game-pt.com/
---
2014/08/27 16:02:00 [error] [exception.CHttpException.404] exception 'CHttpException' with message 'Unable to resolve the request "min/b=static/js&f=jquery-1.7.2.min.js,tr.base.min.js,tr.jqplugin.tab.min.js,tr.jqplugin.twostateli.min.js,tr.wallpaper.min.js,res.common.min.js,res.index.min.js,res.searchbox.js".' in E:\WorkSpace\webdir\www\game-pt\protected\vendor\yii-1.1.15\web\CWebApplication.php:286
Stack trace:
#0 E:\WorkSpace\webdir\www\game-pt\protected\vendor\yii-1.1.15\web\CWebApplication.php(141): CWebApplication->runController('min/b=static/js...')
#1 E:\WorkSpace\webdir\www\game-pt\protected\vendor\yii-1.1.15\base\CApplication.php(180): CWebApplication->processRequest()
#2 E:\WorkSpace\webdir\www\game-pt\index.php(16): CApplication->run()
#3 {main}
REQUEST_URI=/min/b=static/js&f=jquery-1.7.2.min.js,tr.base.min.js,tr.jqplugin.tab.min.js,tr.jqplugin.twostateli.min.js,tr.wallpaper.min.js,res.common.min.js,res.index.min.js,res.searchbox.js?v=10002
HTTP_REFERER=http://game-pt.com/
---
2014/08/27 16:02:02 [error] [exception.CHttpException.404] exception 'CHttpException' with message 'Unable to resolve the request "static/images/nav-bg.jpg".' in E:\WorkSpace\webdir\www\game-pt\protected\vendor\yii-1.1.15\web\CWebApplication.php:286
Stack trace:
#0 E:\WorkSpace\webdir\www\game-pt\protected\vendor\yii-1.1.15\web\CWebApplication.php(141): CWebApplication->runController('static/images/n...')
#1 E:\WorkSpace\webdir\www\game-pt\protected\vendor\yii-1.1.15\base\CApplication.php(180): CWebApplication->processRequest()
#2 E:\WorkSpace\webdir\www\game-pt\index.php(16): CApplication->run()
#3 {main}
REQUEST_URI=/static/images/nav-bg.jpg
HTTP_REFERER=http://game-pt.com/
---
2014/08/27 16:02:02 [error] [exception.CHttpException.404] exception 'CHttpException' with message 'Unable to resolve the request "static/images/cover-bg.png".' in E:\WorkSpace\webdir\www\game-pt\protected\vendor\yii-1.1.15\web\CWebApplication.php:286
Stack trace:
#0 E:\WorkSpace\webdir\www\game-pt\protected\vendor\yii-1.1.15\web\CWebApplication.php(141): CWebApplication->runController('static/images/c...')
#1 E:\WorkSpace\webdir\www\game-pt\protected\vendor\yii-1.1.15\base\CApplication.php(180): CWebApplication->processRequest()
#2 E:\WorkSpace\webdir\www\game-pt\index.php(16): CApplication->run()
#3 {main}
REQUEST_URI=/static/images/cover-bg.png
HTTP_REFERER=http://game-pt.com/
---
2014/08/27 16:02:02 [error] [exception.CHttpException.404] exception 'CHttpException' with message 'Unable to resolve the request "static/images/star1.png".' in E:\WorkSpace\webdir\www\game-pt\protected\vendor\yii-1.1.15\web\CWebApplication.php:286
Stack trace:
#0 E:\WorkSpace\webdir\www\game-pt\protected\vendor\yii-1.1.15\web\CWebApplication.php(141): CWebApplication->runController('static/images/s...')
#1 E:\WorkSpace\webdir\www\game-pt\protected\vendor\yii-1.1.15\base\CApplication.php(180): CWebApplication->processRequest()
#2 E:\WorkSpace\webdir\www\game-pt\index.php(16): CApplication->run()
#3 {main}
REQUEST_URI=/static/images/star1.png
HTTP_REFERER=http://game-pt.com/
---
2014/08/27 16:02:02 [error] [exception.CHttpException.404] exception 'CHttpException' with message 'Unable to resolve the request "static/images/public-ico.png".' in E:\WorkSpace\webdir\www\game-pt\protected\vendor\yii-1.1.15\web\CWebApplication.php:286
Stack trace:
#0 E:\WorkSpace\webdir\www\game-pt\protected\vendor\yii-1.1.15\web\CWebApplication.php(141): CWebApplication->runController('static/images/p...')
#1 E:\WorkSpace\webdir\www\game-pt\protected\vendor\yii-1.1.15\base\CApplication.php(180): CWebApplication->processRequest()
#2 E:\WorkSpace\webdir\www\game-pt\index.php(16): CApplication->run()
#3 {main}
REQUEST_URI=/static/images/public-ico.png
HTTP_REFERER=http://game-pt.com/
---
2014/08/27 16:02:02 [error] [exception.CHttpException.404] exception 'CHttpException' with message 'Unable to resolve the request "static/images/ico_jt1.jpg".' in E:\WorkSpace\webdir\www\game-pt\protected\vendor\yii-1.1.15\web\CWebApplication.php:286
Stack trace:
#0 E:\WorkSpace\webdir\www\game-pt\protected\vendor\yii-1.1.15\web\CWebApplication.php(141): CWebApplication->runController('static/images/i...')
#1 E:\WorkSpace\webdir\www\game-pt\protected\vendor\yii-1.1.15\base\CApplication.php(180): CWebApplication->processRequest()
#2 E:\WorkSpace\webdir\www\game-pt\index.php(16): CApplication->run()
#3 {main}
REQUEST_URI=/static/images/ico_jt1.jpg
HTTP_REFERER=http://game-pt.com/
---
2014/08/27 16:02:06 [error] [exception.CHttpException.404] exception 'CHttpException' with message 'Unable to resolve the request "favicon.ico".' in E:\WorkSpace\webdir\www\game-pt\protected\vendor\yii-1.1.15\web\CWebApplication.php:286
Stack trace:
#0 E:\WorkSpace\webdir\www\game-pt\protected\vendor\yii-1.1.15\web\CWebApplication.php(141): CWebApplication->runController('favicon.ico')
#1 E:\WorkSpace\webdir\www\game-pt\protected\vendor\yii-1.1.15\base\CApplication.php(180): CWebApplication->processRequest()
#2 E:\WorkSpace\webdir\www\game-pt\index.php(16): CApplication->run()
#3 {main}
REQUEST_URI=/favicon.ico
---
2014/09/01 11:43:06 [error] [exception.CHttpException.404] exception 'CHttpException' with message 'Unable to resolve the request "static/images/logo.jpg".' in E:\WorkSpace\webdir\www\game-pt\protected\vendor\yii-1.1.15\web\CWebApplication.php:286
Stack trace:
#0 E:\WorkSpace\webdir\www\game-pt\protected\vendor\yii-1.1.15\web\CWebApplication.php(141): CWebApplication->runController('static/images/l...')
#1 E:\WorkSpace\webdir\www\game-pt\protected\vendor\yii-1.1.15\base\CApplication.php(180): CWebApplication->processRequest()
#2 E:\WorkSpace\webdir\www\game-pt\index.php(16): CApplication->run()
#3 {main}
REQUEST_URI=/static/images/logo.jpg
HTTP_REFERER=http://game-pt.com/
---
2014/09/01 11:43:06 [error] [exception.CHttpException.404] exception 'CHttpException' with message 'Unable to resolve the request "min/b=static/js&f=jquery-1.7.2.min.js,tr.base.min.js,tr.jqplugin.tab.min.js,tr.jqplugin.twostateli.min.js,tr.wallpaper.min.js,res.common.min.js,res.index.min.js,res.searchbox.js".' in E:\WorkSpace\webdir\www\game-pt\protected\vendor\yii-1.1.15\web\CWebApplication.php:286
Stack trace:
#0 E:\WorkSpace\webdir\www\game-pt\protected\vendor\yii-1.1.15\web\CWebApplication.php(141): CWebApplication->runController('min/b=static/js...')
#1 E:\WorkSpace\webdir\www\game-pt\protected\vendor\yii-1.1.15\base\CApplication.php(180): CWebApplication->processRequest()
#2 E:\WorkSpace\webdir\www\game-pt\index.php(16): CApplication->run()
#3 {main}
REQUEST_URI=/min/b=static/js&f=jquery-1.7.2.min.js,tr.base.min.js,tr.jqplugin.tab.min.js,tr.jqplugin.twostateli.min.js,tr.wallpaper.min.js,res.common.min.js,res.index.min.js,res.searchbox.js?v=10002
HTTP_REFERER=http://game-pt.com/
---
2014/09/01 11:43:06 [error] [exception.CHttpException.404] exception 'CHttpException' with message 'Unable to resolve the request "static/images/ico_jt1.jpg".' in E:\WorkSpace\webdir\www\game-pt\protected\vendor\yii-1.1.15\web\CWebApplication.php:286
Stack trace:
#0 E:\WorkSpace\webdir\www\game-pt\protected\vendor\yii-1.1.15\web\CWebApplication.php(141): CWebApplication->runController('static/images/i...')
#1 E:\WorkSpace\webdir\www\game-pt\protected\vendor\yii-1.1.15\base\CApplication.php(180): CWebApplication->processRequest()
#2 E:\WorkSpace\webdir\www\game-pt\index.php(16): CApplication->run()
#3 {main}
REQUEST_URI=/static/images/ico_jt1.jpg
HTTP_REFERER=http://game-pt.com/
---
2014/09/01 11:43:07 [error] [exception.CHttpException.404] exception 'CHttpException' with message 'Unable to resolve the request "static/images/public-ico.png".' in E:\WorkSpace\webdir\www\game-pt\protected\vendor\yii-1.1.15\web\CWebApplication.php:286
Stack trace:
#0 E:\WorkSpace\webdir\www\game-pt\protected\vendor\yii-1.1.15\web\CWebApplication.php(141): CWebApplication->runController('static/images/p...')
#1 E:\WorkSpace\webdir\www\game-pt\protected\vendor\yii-1.1.15\base\CApplication.php(180): CWebApplication->processRequest()
#2 E:\WorkSpace\webdir\www\game-pt\index.php(16): CApplication->run()
#3 {main}
REQUEST_URI=/static/images/public-ico.png
HTTP_REFERER=http://game-pt.com/
---
2014/09/01 11:43:07 [error] [exception.CHttpException.404] exception 'CHttpException' with message 'Unable to resolve the request "static/images/nav-bg.jpg".' in E:\WorkSpace\webdir\www\game-pt\protected\vendor\yii-1.1.15\web\CWebApplication.php:286
Stack trace:
#0 E:\WorkSpace\webdir\www\game-pt\protected\vendor\yii-1.1.15\web\CWebApplication.php(141): CWebApplication->runController('static/images/n...')
#1 E:\WorkSpace\webdir\www\game-pt\protected\vendor\yii-1.1.15\base\CApplication.php(180): CWebApplication->processRequest()
#2 E:\WorkSpace\webdir\www\game-pt\index.php(16): CApplication->run()
#3 {main}
REQUEST_URI=/static/images/nav-bg.jpg
HTTP_REFERER=http://game-pt.com/
---
2014/09/01 11:43:07 [error] [exception.CHttpException.404] exception 'CHttpException' with message 'Unable to resolve the request "static/images/cover-bg.png".' in E:\WorkSpace\webdir\www\game-pt\protected\vendor\yii-1.1.15\web\CWebApplication.php:286
Stack trace:
#0 E:\WorkSpace\webdir\www\game-pt\protected\vendor\yii-1.1.15\web\CWebApplication.php(141): CWebApplication->runController('static/images/c...')
#1 E:\WorkSpace\webdir\www\game-pt\protected\vendor\yii-1.1.15\base\CApplication.php(180): CWebApplication->processRequest()
#2 E:\WorkSpace\webdir\www\game-pt\index.php(16): CApplication->run()
#3 {main}
REQUEST_URI=/static/images/cover-bg.png
HTTP_REFERER=http://game-pt.com/
---
2014/09/01 11:43:07 [error] [exception.CHttpException.404] exception 'CHttpException' with message 'Unable to resolve the request "static/images/star1.png".' in E:\WorkSpace\webdir\www\game-pt\protected\vendor\yii-1.1.15\web\CWebApplication.php:286
Stack trace:
#0 E:\WorkSpace\webdir\www\game-pt\protected\vendor\yii-1.1.15\web\CWebApplication.php(141): CWebApplication->runController('static/images/s...')
#1 E:\WorkSpace\webdir\www\game-pt\protected\vendor\yii-1.1.15\base\CApplication.php(180): CWebApplication->processRequest()
#2 E:\WorkSpace\webdir\www\game-pt\index.php(16): CApplication->run()
#3 {main}
REQUEST_URI=/static/images/star1.png
HTTP_REFERER=http://game-pt.com/
---
2014/09/01 11:43:10 [error] [exception.CHttpException.404] exception 'CHttpException' with message 'Unable to resolve the request "favicon.ico".' in E:\WorkSpace\webdir\www\game-pt\protected\vendor\yii-1.1.15\web\CWebApplication.php:286
Stack trace:
#0 E:\WorkSpace\webdir\www\game-pt\protected\vendor\yii-1.1.15\web\CWebApplication.php(141): CWebApplication->runController('favicon.ico')
#1 E:\WorkSpace\webdir\www\game-pt\protected\vendor\yii-1.1.15\base\CApplication.php(180): CWebApplication->processRequest()
#2 E:\WorkSpace\webdir\www\game-pt\index.php(16): CApplication->run()
#3 {main}
REQUEST_URI=/favicon.ico
---
2014/09/01 12:00:15 [error] [exception.CHttpException.404] exception 'CHttpException' with message 'Unable to resolve the request "static/images/public-ico.png".' in E:\WorkSpace\webdir\www\game-pt\protected\vendor\yii-1.1.15\web\CWebApplication.php:286
Stack trace:
#0 E:\WorkSpace\webdir\www\game-pt\protected\vendor\yii-1.1.15\web\CWebApplication.php(141): CWebApplication->runController('static/images/p...')
#1 E:\WorkSpace\webdir\www\game-pt\protected\vendor\yii-1.1.15\base\CApplication.php(180): CWebApplication->processRequest()
#2 E:\WorkSpace\webdir\www\game-pt\index.php(16): CApplication->run()
#3 {main}
REQUEST_URI=/static/images/public-ico.png
HTTP_REFERER=http://game-pt.com/
---
2014/09/02 05:07:19 [error] [exception.CHttpException.404] exception 'CHttpException' with message 'Unable to resolve the request "min/b=static/js&f=jquery-1.7.2.min.js,tr.base.min.js,tr.jqplugin.tab.min.js,tr.jqplugin.twostateli.min.js,tr.wallpaper.min.js,res.common.min.js,res.index.min.js,res.searchbox.js".' in E:\WorkSpace\webdir\www\game-pt\protected\vendor\yii-1.1.15\web\CWebApplication.php:286
Stack trace:
#0 E:\WorkSpace\webdir\www\game-pt\protected\vendor\yii-1.1.15\web\CWebApplication.php(141): CWebApplication->runController('min/b=static/js...')
#1 E:\WorkSpace\webdir\www\game-pt\protected\vendor\yii-1.1.15\base\CApplication.php(180): CWebApplication->processRequest()
#2 E:\WorkSpace\webdir\www\game-pt\index.php(16): CApplication->run()
#3 {main}
REQUEST_URI=/min/b=static/js&f=jquery-1.7.2.min.js,tr.base.min.js,tr.jqplugin.tab.min.js,tr.jqplugin.twostateli.min.js,tr.wallpaper.min.js,res.common.min.js,res.index.min.js,res.searchbox.js?v=10002
HTTP_REFERER=http://game-pt.com/
---
2014/09/02 05:07:19 [error] [exception.CHttpException.404] exception 'CHttpException' with message 'Unable to resolve the request "static/images/logo.jpg".' in E:\WorkSpace\webdir\www\game-pt\protected\vendor\yii-1.1.15\web\CWebApplication.php:286
Stack trace:
#0 E:\WorkSpace\webdir\www\game-pt\protected\vendor\yii-1.1.15\web\CWebApplication.php(141): CWebApplication->runController('static/images/l...')
#1 E:\WorkSpace\webdir\www\game-pt\protected\vendor\yii-1.1.15\base\CApplication.php(180): CWebApplication->processRequest()
#2 E:\WorkSpace\webdir\www\game-pt\index.php(16): CApplication->run()
#3 {main}
REQUEST_URI=/static/images/logo.jpg
HTTP_REFERER=http://game-pt.com/
---
2014/09/02 05:07:21 [error] [exception.CHttpException.404] exception 'CHttpException' with message 'Unable to resolve the request "static/images/ico_jt1.jpg".' in E:\WorkSpace\webdir\www\game-pt\protected\vendor\yii-1.1.15\web\CWebApplication.php:286
Stack trace:
#0 E:\WorkSpace\webdir\www\game-pt\protected\vendor\yii-1.1.15\web\CWebApplication.php(141): CWebApplication->runController('static/images/i...')
#1 E:\WorkSpace\webdir\www\game-pt\protected\vendor\yii-1.1.15\base\CApplication.php(180): CWebApplication->processRequest()
#2 E:\WorkSpace\webdir\www\game-pt\index.php(16): CApplication->run()
#3 {main}
REQUEST_URI=/static/images/ico_jt1.jpg
HTTP_REFERER=http://game-pt.com/
---
2014/09/02 05:07:21 [error] [exception.CHttpException.404] exception 'CHttpException' with message 'Unable to resolve the request "static/images/nav-bg.jpg".' in E:\WorkSpace\webdir\www\game-pt\protected\vendor\yii-1.1.15\web\CWebApplication.php:286
Stack trace:
#0 E:\WorkSpace\webdir\www\game-pt\protected\vendor\yii-1.1.15\web\CWebApplication.php(141): CWebApplication->runController('static/images/n...')
#1 E:\WorkSpace\webdir\www\game-pt\protected\vendor\yii-1.1.15\base\CApplication.php(180): CWebApplication->processRequest()
#2 E:\WorkSpace\webdir\www\game-pt\index.php(16): CApplication->run()
#3 {main}
REQUEST_URI=/static/images/nav-bg.jpg
HTTP_REFERER=http://game-pt.com/
---
2014/09/02 05:07:21 [error] [exception.CHttpException.404] exception 'CHttpException' with message 'Unable to resolve the request "static/images/public-ico.png".' in E:\WorkSpace\webdir\www\game-pt\protected\vendor\yii-1.1.15\web\CWebApplication.php:286
Stack trace:
#0 E:\WorkSpace\webdir\www\game-pt\protected\vendor\yii-1.1.15\web\CWebApplication.php(141): CWebApplication->runController('static/images/p...')
#1 E:\WorkSpace\webdir\www\game-pt\protected\vendor\yii-1.1.15\base\CApplication.php(180): CWebApplication->processRequest()
#2 E:\WorkSpace\webdir\www\game-pt\index.php(16): CApplication->run()
#3 {main}
REQUEST_URI=/static/images/public-ico.png
HTTP_REFERER=http://game-pt.com/
---
2014/09/02 05:07:21 [error] [exception.CHttpException.404] exception 'CHttpException' with message 'Unable to resolve the request "static/images/cover-bg.png".' in E:\WorkSpace\webdir\www\game-pt\protected\vendor\yii-1.1.15\web\CWebApplication.php:286
Stack trace:
#0 E:\WorkSpace\webdir\www\game-pt\protected\vendor\yii-1.1.15\web\CWebApplication.php(141): CWebApplication->runController('static/images/c...')
#1 E:\WorkSpace\webdir\www\game-pt\protected\vendor\yii-1.1.15\base\CApplication.php(180): CWebApplication->processRequest()
#2 E:\WorkSpace\webdir\www\game-pt\index.php(16): CApplication->run()
#3 {main}
REQUEST_URI=/static/images/cover-bg.png
HTTP_REFERER=http://game-pt.com/
---
2014/09/02 05:07:21 [error] [exception.CHttpException.404] exception 'CHttpException' with message 'Unable to resolve the request "static/images/star1.png".' in E:\WorkSpace\webdir\www\game-pt\protected\vendor\yii-1.1.15\web\CWebApplication.php:286
Stack trace:
#0 E:\WorkSpace\webdir\www\game-pt\protected\vendor\yii-1.1.15\web\CWebApplication.php(141): CWebApplication->runController('static/images/s...')
#1 E:\WorkSpace\webdir\www\game-pt\protected\vendor\yii-1.1.15\base\CApplication.php(180): CWebApplication->processRequest()
#2 E:\WorkSpace\webdir\www\game-pt\index.php(16): CApplication->run()
#3 {main}
REQUEST_URI=/static/images/star1.png
HTTP_REFERER=http://game-pt.com/
---
2014/09/02 05:07:24 [error] [exception.CHttpException.404] exception 'CHttpException' with message 'Unable to resolve the request "favicon.ico".' in E:\WorkSpace\webdir\www\game-pt\protected\vendor\yii-1.1.15\web\CWebApplication.php:286
Stack trace:
#0 E:\WorkSpace\webdir\www\game-pt\protected\vendor\yii-1.1.15\web\CWebApplication.php(141): CWebApplication->runController('favicon.ico')
#1 E:\WorkSpace\webdir\www\game-pt\protected\vendor\yii-1.1.15\base\CApplication.php(180): CWebApplication->processRequest()
#2 E:\WorkSpace\webdir\www\game-pt\index.php(16): CApplication->run()
#3 {main}
REQUEST_URI=/favicon.ico
---
2014/09/02 05:22:21 [error] [exception.CHttpException.404] exception 'CHttpException' with message 'Unable to resolve the request "favicon.ico".' in E:\WorkSpace\webdir\www\game-pt\protected\vendor\yii-1.1.15\web\CWebApplication.php:286
Stack trace:
#0 E:\WorkSpace\webdir\www\game-pt\protected\vendor\yii-1.1.15\web\CWebApplication.php(141): CWebApplication->runController('favicon.ico')
#1 E:\WorkSpace\webdir\www\game-pt\protected\vendor\yii-1.1.15\base\CApplication.php(180): CWebApplication->processRequest()
#2 E:\WorkSpace\webdir\www\game-pt\index.php(16): CApplication->run()
#3 {main}
REQUEST_URI=/favicon.ico
---
2014/09/02 05:22:25 [error] [exception.CHttpException.404] exception 'CHttpException' with message 'Unable to resolve the request "favicon.ico".' in E:\WorkSpace\webdir\www\game-pt\protected\vendor\yii-1.1.15\web\CWebApplication.php:286
Stack trace:
#0 E:\WorkSpace\webdir\www\game-pt\protected\vendor\yii-1.1.15\web\CWebApplication.php(141): CWebApplication->runController('favicon.ico')
#1 E:\WorkSpace\webdir\www\game-pt\protected\vendor\yii-1.1.15\base\CApplication.php(180): CWebApplication->processRequest()
#2 E:\WorkSpace\webdir\www\game-pt\index.php(16): CApplication->run()
#3 {main}
REQUEST_URI=/favicon.ico
---
2014/09/02 05:22:47 [error] [exception.CDbException] exception 'CDbException' with message 'CDbConnection.connectionString cannot be empty.' in E:\WorkSpace\webdir\www\game-pt\protected\vendor\yii-1.1.15\db\CDbConnection.php:370
Stack trace:
#0 E:\WorkSpace\webdir\www\game-pt\protected\vendor\yii-1.1.15\db\CDbConnection.php(330): CDbConnection->open()
#1 E:\WorkSpace\webdir\www\game-pt\protected\vendor\yii-1.1.15\db\CDbConnection.php(308): CDbConnection->setActive(true)
#2 E:\WorkSpace\webdir\www\game-pt\protected\vendor\yii-1.1.15\base\CModule.php(387): CDbConnection->init()
#3 E:\WorkSpace\webdir\www\game-pt\protected\vendor\yii-1.1.15\base\CModule.php(103): CModule->getComponent('db')
#4 E:\WorkSpace\webdir\www\game-pt\protected\vendor\yii-1.1.15\gii\generators\crud\CrudCode.php(44): CModule->__get('db')
#5 E:\WorkSpace\webdir\www\game-pt\protected\vendor\yii-1.1.15\web\CFormModel.php(39): CrudCode->init()
#6 E:\WorkSpace\webdir\www\game-pt\protected\vendor\yii-1.1.15\gii\CCodeGenerator.php(153): CFormModel->__construct()
#7 E:\WorkSpace\webdir\www\game-pt\protected\vendor\yii-1.1.15\gii\CCodeGenerator.php(63): CCodeGenerator->prepare()
#8 E:\WorkSpace\webdir\www\game-pt\protected\vendor\yii-1.1.15\web\actions\CInlineAction.php(49): CCodeGenerator->actionIndex()
#9 E:\WorkSpace\webdir\www\game-pt\protected\vendor\yii-1.1.15\web\CController.php(308): CInlineAction->runWithParams(Array)
#10 E:\WorkSpace\webdir\www\game-pt\protected\vendor\yii-1.1.15\web\CController.php(286): CController->runAction(Object(CInlineAction))
#11 E:\WorkSpace\webdir\www\game-pt\protected\vendor\yii-1.1.15\web\CController.php(265): CController->runActionWithFilters(Object(CInlineAction), Array)
#12 E:\WorkSpace\webdir\www\game-pt\protected\vendor\yii-1.1.15\web\CWebApplication.php(282): CController->run('index')
#13 E:\WorkSpace\webdir\www\game-pt\protected\vendor\yii-1.1.15\web\CWebApplication.php(141): CWebApplication->runController('gii/crud/index')
#14 E:\WorkSpace\webdir\www\game-pt\protected\vendor\yii-1.1.15\base\CApplication.php(180): CWebApplication->processRequest()
#15 E:\WorkSpace\webdir\www\game-pt\index.php(16): CApplication->run()
#16 {main}
REQUEST_URI=/index.php/gii/crud/index
HTTP_REFERER=http://game-pt.com/gii
---
2014/09/02 05:22:47 [error] [exception.CHttpException.404] exception 'CHttpException' with message 'Unable to resolve the request "favicon.ico".' in E:\WorkSpace\webdir\www\game-pt\protected\vendor\yii-1.1.15\web\CWebApplication.php:286
Stack trace:
#0 E:\WorkSpace\webdir\www\game-pt\protected\vendor\yii-1.1.15\web\CWebApplication.php(141): CWebApplication->runController('favicon.ico')
#1 E:\WorkSpace\webdir\www\game-pt\protected\vendor\yii-1.1.15\base\CApplication.php(180): CWebApplication->processRequest()
#2 E:\WorkSpace\webdir\www\game-pt\index.php(16): CApplication->run()
#3 {main}
REQUEST_URI=/favicon.ico
---
2014/09/02 05:22:57 [error] [exception.CHttpException.404] exception 'CHttpException' with message 'Unable to resolve the request "favicon.ico".' in E:\WorkSpace\webdir\www\game-pt\protected\vendor\yii-1.1.15\web\CWebApplication.php:286
Stack trace:
#0 E:\WorkSpace\webdir\www\game-pt\protected\vendor\yii-1.1.15\web\CWebApplication.php(141): CWebApplication->runController('favicon.ico')
#1 E:\WorkSpace\webdir\www\game-pt\protected\vendor\yii-1.1.15\base\CApplication.php(180): CWebApplication->processRequest()
#2 E:\WorkSpace\webdir\www\game-pt\index.php(16): CApplication->run()
#3 {main}
REQUEST_URI=/favicon.ico
---
